<?xml version="1.0" encoding="UTF-8"?>
<!-- Generated by org.testng.reporters.JUnitXMLReporter -->
<testsuite ignored="3" hostname="DESKTOP-TIJ1VS8" failures="0" tests="1" name="Default test" time="9.82" errors="0" timestamp="٢٠٢٥-٠٥-١٢T١٧:٥٣:٣٨ EEST">
  <testcase classname="selainum_packge.Tests.AddToCart_PositiveSenario" name="AddToCartFromRecomendedItem" time="2.863"/>
  <testcase classname="selainum_packge.Tests.AddToCart_PositiveSenario" name="Verify_productQuantity" time="0.0">
    <ignored/>
  </testcase> <!-- Verify_productQuantity -->
  <testcase classname="selainum_packge.Tests.AddToCart_PositiveSenario" name="Verify_AddProductsToCart" time="0.0">
    <ignored/>
  </testcase> <!-- Verify_AddProductsToCart -->
  <testcase classname="selainum_packge.Tests.AddToCart_PositiveSenario" name="Verify_RemoveProductsFromCart" time="0.0">
    <ignored/>
  </testcase> <!-- Verify_RemoveProductsFromCart -->
</testsuite> <!-- Default test -->
