<?xml version="1.0" encoding="UTF-8"?>
<testng-results ignored="3" total="4" passed="1" failed="0" skipped="0">
  <reporter-output>
  </reporter-output>
  <suite started-at="٢٠٢٥-٠٥-١٢T١٧:٥٣:٢٩ EEST" name="Default suite" finished-at="٢٠٢٥-٠٥-١٢T١٧:٥٣:٣٨ EEST" duration-ms="9820">
    <groups>
    </groups>
    <test started-at="٢٠٢٥-٠٥-١٢T١٧:٥٣:٢٩ EEST" name="Default test" finished-at="٢٠٢٥-٠٥-١٢T١٧:٥٣:٣٨ EEST" duration-ms="9820">
      <class name="selainum_packge.Tests.AddToCart_PositiveSenario">
        <test-method is-config="true" signature="openBrowser()[pri:0, instance:selainum_packge.Tests.AddToCart_PositiveSenario@3382f8ae]" started-at="٢٠٢٥-٠٥-١٢T١٧:٥٣:٢٩ EEST" name="openBrowser" finished-at="٢٠٢٥-٠٥-١٢T١٧:٥٣:٣٥ EEST" duration-ms="6529" status="PASS">
          <reporter-output>
          </reporter-output>
        </test-method> <!-- openBrowser -->
        <test-method signature="AddToCartFromRecomendedItem()[pri:4, instance:selainum_packge.Tests.AddToCart_PositiveSenario@3382f8ae]" started-at="٢٠٢٥-٠٥-١٢T١٧:٥٣:٣٥ EEST" name="AddToCartFromRecomendedItem" finished-at="٢٠٢٥-٠٥-١٢T١٧:٥٣:٣٨ EEST" duration-ms="2863" status="PASS">
          <reporter-output>
          </reporter-output>
        </test-method> <!-- AddToCartFromRecomendedItem -->
        <test-method is-config="true" signature="closeBrowser()[pri:0, instance:selainum_packge.Tests.AddToCart_PositiveSenario@3382f8ae]" started-at="٢٠٢٥-٠٥-١٢T١٧:٥٣:٣٨ EEST" name="closeBrowser" finished-at="٢٠٢٥-٠٥-١٢T١٧:٥٣:٣٨ EEST" duration-ms="357" status="PASS">
          <reporter-output>
          </reporter-output>
        </test-method> <!-- closeBrowser -->
      </class> <!-- selainum_packge.Tests.AddToCart_PositiveSenario -->
    </test> <!-- Default test -->
  </suite> <!-- Default suite -->
</testng-results>
