<?xml version="1.0" encoding="UTF-8"?>
<testng-results ignored="0" total="1" passed="1" failed="0" skipped="0">
  <reporter-output>
  </reporter-output>
  <suite started-at="٢٠٢٥-٠٥-١٢T١٩:١١:٣٩ EEST" name="Suite" finished-at="٢٠٢٥-٠٥-١٢T١٩:١١:٤٦ EEST" duration-ms="7000">
    <groups>
    </groups>
    <test started-at="٢٠٢٥-٠٥-١٢T١٩:١١:٣٩ EEST" name="Test" finished-at="٢٠٢٥-٠٥-١٢T١٩:١١:٤٦ EEST" duration-ms="7000">
      <class name="selainum_packge.Tests.TestCases_Test">
        <test-method is-config="true" signature="openBrowser()[pri:0, instance:selainum_packge.Tests.TestCases_Test@62452cc9]" started-at="٢٠٢٥-٠٥-١٢T١٩:١١:٣٩ EEST" name="openBrowser" finished-at="٢٠٢٥-٠٥-١٢T١٩:١١:٤٥ EEST" duration-ms="5825" status="PASS">
          <reporter-output>
          </reporter-output>
        </test-method> <!-- openBrowser -->
        <test-method signature="testCases_VerifyPage()[pri:1, instance:selainum_packge.Tests.TestCases_Test@62452cc9]" started-at="٢٠٢٥-٠٥-١٢T١٩:١١:٤٥ EEST" name="testCases_VerifyPage" finished-at="٢٠٢٥-٠٥-١٢T١٩:١١:٤٦ EEST" duration-ms="943" status="PASS">
          <reporter-output>
          </reporter-output>
        </test-method> <!-- testCases_VerifyPage -->
        <test-method is-config="true" signature="closeBrowser()[pri:0, instance:selainum_packge.Tests.TestCases_Test@62452cc9]" started-at="٢٠٢٥-٠٥-١٢T١٩:١١:٤٦ EEST" name="closeBrowser" finished-at="٢٠٢٥-٠٥-١٢T١٩:١١:٤٦ EEST" duration-ms="196" status="PASS">
          <reporter-output>
          </reporter-output>
        </test-method> <!-- closeBrowser -->
      </class> <!-- selainum_packge.Tests.TestCases_Test -->
    </test> <!-- Test -->
  </suite> <!-- Suite -->
</testng-results>
